<?xml version="1.0" encoding="UTF-8"?>
<testsuite xmlns:xsi="http://www.w3.org/2001/XMLSchema-instance" xsi:noNamespaceSchemaLocation="https://maven.apache.org/surefire/maven-surefire-plugin/xsd/surefire-test-report-3.0.xsd" version="3.0" name="ru.http_log_starter.component.WebClientLoggingTest" time="10.162" tests="2" errors="0" skipped="0" failures="0">
  <properties>
[...]
</properties>
  <testcase name="logRequestShouldLogRequestDetails" classname="ru.http_log_starter.component.WebClientLoggingTest" time="10.013">
    <system-out><![CDATA[12:00:23.960 [main] INFO ru.http_log_starter.component.WebClientLogging -- Метод и url запроса: GET https://jsonplaceholder.typicode.com/posts/1
]]></system-out>
  </testcase>
  <testcase name="logResponseShouldLogResponseDetails" classname="ru.http_log_starter.component.WebClientLoggingTest" time="0.13">
    <system-out><![CDATA[12:00:32.063 [reactor-http-nio-2] INFO ru.http_log_starter.component.WebClientLogging -- Статус ответа: 200 OK
12:00:32.068 [reactor-http-nio-2] INFO ru.http_log_starter.component.WebClientLogging -- Date=Tue, 28 May 2024 06:00:33 GMT
12:00:32.069 [reactor-http-nio-2] INFO ru.http_log_starter.component.WebClientLogging -- Content-Type=application/json; charset=utf-8
12:00:32.069 [reactor-http-nio-2] INFO ru.http_log_starter.component.WebClientLogging -- Transfer-Encoding=chunked
12:00:32.069 [reactor-http-nio-2] INFO ru.http_log_starter.component.WebClientLogging -- Connection=keep-alive
12:00:32.069 [reactor-http-nio-2] INFO ru.http_log_starter.component.WebClientLogging -- Report-To={"group":"heroku-nel","max_age":3600,"endpoints":[{"url":"https://nel.heroku.com/reports?ts=1711077658&sid=e11707d5-02a7-43ef-b45e-2cf4d2036f7d&s=ixZzjDc3xydb7LMRsUjuls3TRDxIflCoNWj%2FTgKJnX0%3D"}]}
12:00:32.069 [reactor-http-nio-2] INFO ru.http_log_starter.component.WebClientLogging -- Reporting-Endpoints=heroku-nel=https://nel.heroku.com/reports?ts=1711077658&sid=e11707d5-02a7-43ef-b45e-2cf4d2036f7d&s=ixZzjDc3xydb7LMRsUjuls3TRDxIflCoNWj%2FTgKJnX0%3D
12:00:32.070 [reactor-http-nio-2] INFO ru.http_log_starter.component.WebClientLogging -- Nel={"report_to":"heroku-nel","max_age":3600,"success_fraction":0.005,"failure_fraction":0.05,"response_headers":["Via"]}
12:00:32.070 [reactor-http-nio-2] INFO ru.http_log_starter.component.WebClientLogging -- X-Powered-By=Express
12:00:32.070 [reactor-http-nio-2] INFO ru.http_log_starter.component.WebClientLogging -- X-Ratelimit-Limit=1000
12:00:32.070 [reactor-http-nio-2] INFO ru.http_log_starter.component.WebClientLogging -- X-Ratelimit-Remaining=999
12:00:32.070 [reactor-http-nio-2] INFO ru.http_log_starter.component.WebClientLogging -- X-Ratelimit-Reset=1711077718
12:00:32.070 [reactor-http-nio-2] INFO ru.http_log_starter.component.WebClientLogging -- Vary=Origin, Accept-Encoding
12:00:32.071 [reactor-http-nio-2] INFO ru.http_log_starter.component.WebClientLogging -- Access-Control-Allow-Credentials=true
12:00:32.071 [reactor-http-nio-2] INFO ru.http_log_starter.component.WebClientLogging -- Cache-Control=max-age=43200
12:00:32.071 [reactor-http-nio-2] INFO ru.http_log_starter.component.WebClientLogging -- Pragma=no-cache
12:00:32.071 [reactor-http-nio-2] INFO ru.http_log_starter.component.WebClientLogging -- Expires=-1
12:00:32.071 [reactor-http-nio-2] INFO ru.http_log_starter.component.WebClientLogging -- X-Content-Type-Options=nosniff
12:00:32.072 [reactor-http-nio-2] INFO ru.http_log_starter.component.WebClientLogging -- Etag=W/"124-yiKdLzqO5gfBrJFrcdJ8Yq0LGnU"
12:00:32.072 [reactor-http-nio-2] INFO ru.http_log_starter.component.WebClientLogging -- Via=1.1 vegur
12:00:32.072 [reactor-http-nio-2] INFO ru.http_log_starter.component.WebClientLogging -- CF-Cache-Status=HIT
12:00:32.072 [reactor-http-nio-2] INFO ru.http_log_starter.component.WebClientLogging -- Age=5666
12:00:32.072 [reactor-http-nio-2] INFO ru.http_log_starter.component.WebClientLogging -- Server=cloudflare
12:00:32.073 [reactor-http-nio-2] INFO ru.http_log_starter.component.WebClientLogging -- CF-RAY=88ac0666fcf1663a-AMS
12:00:32.073 [reactor-http-nio-2] INFO ru.http_log_starter.component.WebClientLogging -- alt-svc=h3=":443"; ma=86400
]]></system-out>
  </testcase>
</testsuite>